#
# There is insufficient memory for the Java Runtime Environment to continue.
# Native memory allocation (mmap) failed to map 65536 bytes for Failed to commit metaspace.
# Possible reasons:
#   The system is out of physical RAM or swap space
#   The process is running with CompressedOops enabled, and the Java Heap may be blocking the growth of the native heap
# Possible solutions:
#   Reduce memory load on the system
#   Increase physical memory or swap space
#   Check if swap backing store is full
#   Decrease Java heap size (-Xmx/-Xms)
#   Decrease number of Java threads
#   Decrease Java thread stack sizes (-Xss)
#   Set larger code cache with -XX:ReservedCodeCacheSize=
#   JVM is running with Unscaled Compressed Oops mode in which the Java heap is
#     placed in the first 4GB address space. The Java Heap base address is the
#     maximum limit for the native heap growth. Please use -XX:HeapBaseMinAddress
#     to set the Java Heap base and to place the Java Heap above 4GB virtual address.
# This output file may be truncated or incomplete.
#
#  Out of Memory Error (virtualSpaceNode.cpp:110), pid=14052, tid=15660
#
# JRE version: Java(TM) SE Runtime Environment (20.0.2+9) (build 20.0.2+9-78)
# Java VM: Java HotSpot(TM) 64-Bit Server VM (20.0.2+9-78, mixed mode, tiered, compressed oops, compressed class ptrs, g1 gc, windows-amd64)
# No core dump will be written. Minidumps are not enabled by default on client versions of Windows
#

---------------  S U M M A R Y ------------

Command Line: -Dnet.bytebuddy.agent.attacher.dump= net.bytebuddy.agent.Attacher com.sun.tools.attach.VirtualMachine 7944 C:\Users\trifa\.m2\repository\net\bytebuddy\byte-buddy-agent\1.14.6\byte-buddy-agent-1.14.6.jar false 

Host: AMD Ryzen 5 3550H with Radeon Vega Mobile Gfx  , 8 cores, 7G,  Windows 10 , 64 bit Build 17763 (10.0.17763.1158)
Time: Sun Nov  5 18:31:16 2023 RTZ 2 (зима) elapsed time: 0.224405 seconds (0d 0h 0m 0s)

---------------  T H R E A D  ---------------

Current thread (0x0000021214fa4dc0):  JavaThread "main" [_thread_in_vm, id=15660, stack(0x000000181ae00000,0x000000181af00000)]

Stack: [0x000000181ae00000,0x000000181af00000]
Native frames: (J=compiled Java code, j=interpreted, Vv=VM code, C=native code)
V  [jvm.dll+0x6bc25a]
V  [jvm.dll+0x84971a]
V  [jvm.dll+0x84b315]
V  [jvm.dll+0x84ba13]
V  [jvm.dll+0x280e4f]
V  [jvm.dll+0x84565b]
V  [jvm.dll+0x660616]
V  [jvm.dll+0x66067a]
V  [jvm.dll+0x662f53]
V  [jvm.dll+0x662e1e]
V  [jvm.dll+0x66102e]
V  [jvm.dll+0x26c9df]
V  [jvm.dll+0x66b665]
V  [jvm.dll+0x21b712]
V  [jvm.dll+0x21bc45]
V  [jvm.dll+0x21c631]
V  [jvm.dll+0x211a50]
V  [jvm.dll+0x59c7cc]
V  [jvm.dll+0x22303a]
V  [jvm.dll+0x7c38c4]
V  [jvm.dll+0x7c4a0f]
V  [jvm.dll+0x7c4fbf]
V  [jvm.dll+0x7c4c68]
V  [jvm.dll+0x2705bb]
V  [jvm.dll+0x3d89fe]
C  0x00000212245cf7eb

Java frames: (J=compiled Java code, j=interpreted, Vv=VM code)
j  java.util.TreeSet.<init>()V+1 java.base@20.0.2
j  java.util.zip.ZipFile$Source.initCEN(I)V+412 java.base@20.0.2
j  java.util.zip.ZipFile$Source.<init>(Ljava/util/zip/ZipFile$Source$Key;ZLjava/util/zip/ZipCoder;)V+107 java.base@20.0.2
j  java.util.zip.ZipFile$Source.get(Ljava/io/File;ZLjava/util/zip/ZipCoder;)Ljava/util/zip/ZipFile$Source;+110 java.base@20.0.2
j  java.util.zip.ZipFile$CleanableResource.<init>(Ljava/util/zip/ZipFile;Ljava/util/zip/ZipCoder;Ljava/io/File;I)V+56 java.base@20.0.2
j  java.util.zip.ZipFile.<init>(Ljava/io/File;ILjava/nio/charset/Charset;)V+123 java.base@20.0.2
j  java.util.zip.ZipFile.<init>(Ljava/io/File;I)V+6 java.base@20.0.2
j  java.util.jar.JarFile.<init>(Ljava/io/File;ZILjava/lang/Runtime$Version;)V+3 java.base@20.0.2
j  jdk.internal.loader.URLClassPath$JarLoader.getJarFile(Ljava/net/URL;)Ljava/util/jar/JarFile;+56 java.base@20.0.2
j  jdk.internal.loader.URLClassPath$JarLoader$1.run()Ljava/lang/Void;+55 java.base@20.0.2
j  jdk.internal.loader.URLClassPath$JarLoader$1.run()Ljava/lang/Object;+1 java.base@20.0.2
j  java.security.AccessController.executePrivileged(Ljava/security/PrivilegedExceptionAction;Ljava/security/AccessControlContext;Ljava/lang/Class;)Ljava/lang/Object;+29 java.base@20.0.2
j  java.security.AccessController.doPrivileged(Ljava/security/PrivilegedExceptionAction;Ljava/security/AccessControlContext;)Ljava/lang/Object;+13 java.base@20.0.2
j  jdk.internal.loader.URLClassPath$JarLoader.ensureOpen()V+19 java.base@20.0.2
j  jdk.internal.loader.URLClassPath$JarLoader.<init>(Ljava/net/URL;Ljava/net/URLStreamHandler;Ljava/util/HashMap;Ljava/security/AccessControlContext;)V+59 java.base@20.0.2
j  jdk.internal.loader.URLClassPath$3.run()Ljdk/internal/loader/URLClassPath$Loader;+168 java.base@20.0.2
j  jdk.internal.loader.URLClassPath$3.run()Ljava/lang/Object;+1 java.base@20.0.2
j  java.security.AccessController.executePrivileged(Ljava/security/PrivilegedExceptionAction;Ljava/security/AccessControlContext;Ljava/lang/Class;)Ljava/lang/Object;+29 java.base@20.0.2
j  java.security.AccessController.doPrivileged(Ljava/security/PrivilegedExceptionAction;Ljava/security/AccessControlContext;)Ljava/lang/Object;+13 java.base@20.0.2
j  jdk.internal.loader.URLClassPath.getLoader(Ljava/net/URL;)Ljdk/internal/loader/URLClassPath$Loader;+13 java.base@20.0.2
j  jdk.internal.loader.URLClassPath.getLoader(I)Ljdk/internal/loader/URLClassPath$Loader;+81 java.base@20.0.2
j  jdk.internal.loader.URLClassPath.getResource(Ljava/lang/String;Z)Ljdk/internal/loader/Resource;+42 java.base@20.0.2
j  jdk.internal.loader.BuiltinClassLoader.findClassOnClassPathOrNull(Ljava/lang/String;)Ljava/lang/Class;+26 java.base@20.0.2
j  jdk.internal.loader.BuiltinClassLoader.loadClassOrNull(Ljava/lang/String;Z)Ljava/lang/Class;+111 java.base@20.0.2
j  jdk.internal.loader.BuiltinClassLoader.loadClass(Ljava/lang/String;Z)Ljava/lang/Class;+3 java.base@20.0.2
j  jdk.internal.loader.ClassLoaders$AppClassLoader.loadClass(Ljava/lang/String;Z)Ljava/lang/Class;+36 java.base@20.0.2
j  java.lang.ClassLoader.loadClass(Ljava/lang/String;)Ljava/lang/Class;+3 java.base@20.0.2
v  ~StubRoutines::call_stub 0x00000212245a100d
j  java.lang.Class.forName0(Ljava/lang/String;ZLjava/lang/ClassLoader;Ljava/lang/Class;)Ljava/lang/Class;+0 java.base@20.0.2
j  java.lang.Class.forName(Ljava/lang/String;ZLjava/lang/ClassLoader;Ljava/lang/Class;)Ljava/lang/Class;+37 java.base@20.0.2
j  java.lang.Class.forName(Ljava/lang/String;ZLjava/lang/ClassLoader;)Ljava/lang/Class;+20 java.base@20.0.2
j  sun.launcher.LauncherHelper.loadMainClass(ILjava/lang/String;)Ljava/lang/Class;+95 java.base@20.0.2
j  sun.launcher.LauncherHelper.checkAndLoadMain(ZILjava/lang/String;)Ljava/lang/Class;+42 java.base@20.0.2
v  ~StubRoutines::call_stub 0x00000212245a100d

---------------  P R O C E S S  ---------------

Threads class SMR info:
_java_thread_list=0x0000021235dbc030, length=11, elements={
0x0000021214fa4dc0, 0x000002123189d800, 0x0000021235c1ff70, 0x0000021235c71800,
0x0000021235c58520, 0x0000021235c58e60, 0x0000021235c5a0e0, 0x0000021235c72220,
0x0000021235c73340, 0x0000021235df6420, 0x0000021235e13020
}

Java Threads: ( => current thread )
=>0x0000021214fa4dc0 JavaThread "main" [_thread_in_vm, id=15660, stack(0x000000181ae00000,0x000000181af00000)]
  0x000002123189d800 JavaThread "Reference Handler" daemon [_thread_blocked, id=14064, stack(0x000000181b500000,0x000000181b600000)]
  0x0000021235c1ff70 JavaThread "Finalizer" daemon [_thread_blocked, id=15008, stack(0x000000181b600000,0x000000181b700000)]
  0x0000021235c71800 JavaThread "Signal Dispatcher" daemon [_thread_blocked, id=7568, stack(0x000000181b700000,0x000000181b800000)]
  0x0000021235c58520 JavaThread "Attach Listener" daemon [_thread_blocked, id=15604, stack(0x000000181b800000,0x000000181b900000)]
  0x0000021235c58e60 JavaThread "Service Thread" daemon [_thread_blocked, id=12792, stack(0x000000181b900000,0x000000181ba00000)]
  0x0000021235c5a0e0 JavaThread "Monitor Deflation Thread" daemon [_thread_blocked, id=13640, stack(0x000000181ba00000,0x000000181bb00000)]
  0x0000021235c72220 JavaThread "C2 CompilerThread0" daemon [_thread_blocked, id=8224, stack(0x000000181bb00000,0x000000181bc00000)]
  0x0000021235c73340 JavaThread "C1 CompilerThread0" daemon [_thread_blocked, id=14340, stack(0x000000181bc00000,0x000000181bd00000)]
  0x0000021235df6420 JavaThread "Notification Thread" daemon [_thread_blocked, id=6584, stack(0x000000181bd00000,0x000000181be00000)]
  0x0000021235e13020 JavaThread "Common-Cleaner" daemon [_thread_blocked, id=12160, stack(0x000000181bf00000,0x000000181c000000)]

Other Threads:
  0x0000021235c13600 VMThread "VM Thread" [stack: 0x000000181b400000,0x000000181b500000] [id=4996]
  0x0000021235dfab50 WatcherThread "VM Periodic Task Thread" [stack: 0x000000181be00000,0x000000181bf00000] [id=4112]
  0x0000021215002fd0 WorkerThread "GC Thread#0" [stack: 0x000000181af00000,0x000000181b000000] [id=2040]
  0x00000212150136c0 ConcurrentGCThread "G1 Main Marker" [stack: 0x000000181b000000,0x000000181b100000] [id=15268]
  0x0000021215014cb0 WorkerThread "G1 Conc#0" [stack: 0x000000181b100000,0x000000181b200000] [id=9736]
  0x00000212316e7500 ConcurrentGCThread "G1 Refine#0" [stack: 0x000000181b200000,0x000000181b300000] [id=10036]
  0x00000212316e7fa0 ConcurrentGCThread "G1 Service" [stack: 0x000000181b300000,0x000000181b400000] [id=13660]

Threads with active compile tasks:

VM state: not at safepoint (normal execution)

VM Mutex/Monitor currently owned by a thread:  ([mutex/lock_event])
[0x0000021212d45eb0] Metaspace_lock - owner thread: 0x0000021214fa4dc0

Heap address: 0x0000000084e00000, size: 1970 MB, Compressed Oops mode: 32-bit

CDS archive(s) not mapped
Compressed class space mapped at: 0x0000000100000000-0x0000000140000000, reserved size: 1073741824
Narrow klass base: 0x0000000000000000, Narrow klass shift: 3, Narrow klass range: 0x140000000

GC Precious Log:
 CardTable entry size: 512
 Card Set container configuration: InlinePtr #cards 5 size 8 Array Of Cards #cards 12 size 40 Howl #buckets 4 coarsen threshold 1843 Howl Bitmap #cards 512 size 80 coarsen threshold 460 Card regions per heap region 1 cards per card region 2048
 CPUs: 8 total, 8 available
 Memory: 7874M
 Large Page Support: Disabled
 NUMA Support: Disabled
 Compressed Oops: Enabled (32-bit)
 Heap Region Size: 1M
 Heap Min Capacity: 8M
 Heap Initial Capacity: 124M
 Heap Max Capacity: 1970M
 Pre-touch: Disabled
 Parallel Workers: 8
 Concurrent Workers: 2
 Concurrent Refinement Workers: 8
 Periodic GC: Disabled

Heap:
 garbage-first heap   total 126976K, used 1024K [0x0000000084e00000, 0x0000000100000000)
  region size 1024K, 2 young (2048K), 0 survivors (0K)
 Metaspace       used 4671K, committed 4672K, reserved 1114112K
  class space    used 383K, committed 384K, reserved 1048576K

Heap Regions: E=young(eden), S=young(survivor), O=old, HS=humongous(starts), HC=humongous(continues), CS=collection set, F=free, OA=open archive, CA=closed archive, TAMS=top-at-mark-start, PB=parsable bottom
|   0|0x0000000084e00000, 0x0000000084e00000, 0x0000000084f00000|  0%| F|  |TAMS 0x0000000084e00000| PB 0x0000000084e00000| Untracked 
|   1|0x0000000084f00000, 0x0000000084f00000, 0x0000000085000000|  0%| F|  |TAMS 0x0000000084f00000| PB 0x0000000084f00000| Untracked 
|   2|0x0000000085000000, 0x0000000085000000, 0x0000000085100000|  0%| F|  |TAMS 0x0000000085000000| PB 0x0000000085000000| Untracked 
|   3|0x0000000085100000, 0x0000000085100000, 0x0000000085200000|  0%| F|  |TAMS 0x0000000085100000| PB 0x0000000085100000| Untracked 
|   4|0x0000000085200000, 0x0000000085200000, 0x0000000085300000|  0%| F|  |TAMS 0x0000000085200000| PB 0x0000000085200000| Untracked 
|   5|0x0000000085300000, 0x0000000085300000, 0x0000000085400000|  0%| F|  |TAMS 0x0000000085300000| PB 0x0000000085300000| Untracked 
|   6|0x0000000085400000, 0x0000000085400000, 0x0000000085500000|  0%| F|  |TAMS 0x0000000085400000| PB 0x0000000085400000| Untracked 
|   7|0x0000000085500000, 0x0000000085500000, 0x0000000085600000|  0%| F|  |TAMS 0x0000000085500000| PB 0x0000000085500000| Untracked 
|   8|0x0000000085600000, 0x0000000085600000, 0x0000000085700000|  0%| F|  |TAMS 0x0000000085600000| PB 0x0000000085600000| Untracked 
|   9|0x0000000085700000, 0x0000000085700000, 0x0000000085800000|  0%| F|  |TAMS 0x0000000085700000| PB 0x0000000085700000| Untracked 
|  10|0x0000000085800000, 0x0000000085800000, 0x0000000085900000|  0%| F|  |TAMS 0x0000000085800000| PB 0x0000000085800000| Untracked 
|  11|0x0000000085900000, 0x0000000085900000, 0x0000000085a00000|  0%| F|  |TAMS 0x0000000085900000| PB 0x0000000085900000| Untracked 
|  12|0x0000000085a00000, 0x0000000085a00000, 0x0000000085b00000|  0%| F|  |TAMS 0x0000000085a00000| PB 0x0000000085a00000| Untracked 
|  13|0x0000000085b00000, 0x0000000085b00000, 0x0000000085c00000|  0%| F|  |TAMS 0x0000000085b00000| PB 0x0000000085b00000| Untracked 
|  14|0x0000000085c00000, 0x0000000085c00000, 0x0000000085d00000|  0%| F|  |TAMS 0x0000000085c00000| PB 0x0000000085c00000| Untracked 
|  15|0x0000000085d00000, 0x0000000085d00000, 0x0000000085e00000|  0%| F|  |TAMS 0x0000000085d00000| PB 0x0000000085d00000| Untracked 
|  16|0x0000000085e00000, 0x0000000085e00000, 0x0000000085f00000|  0%| F|  |TAMS 0x0000000085e00000| PB 0x0000000085e00000| Untracked 
|  17|0x0000000085f00000, 0x0000000085f00000, 0x0000000086000000|  0%| F|  |TAMS 0x0000000085f00000| PB 0x0000000085f00000| Untracked 
|  18|0x0000000086000000, 0x0000000086000000, 0x0000000086100000|  0%| F|  |TAMS 0x0000000086000000| PB 0x0000000086000000| Untracked 
|  19|0x0000000086100000, 0x0000000086100000, 0x0000000086200000|  0%| F|  |TAMS 0x0000000086100000| PB 0x0000000086100000| Untracked 
|  20|0x0000000086200000, 0x0000000086200000, 0x0000000086300000|  0%| F|  |TAMS 0x0000000086200000| PB 0x0000000086200000| Untracked 
|  21|0x0000000086300000, 0x0000000086300000, 0x0000000086400000|  0%| F|  |TAMS 0x0000000086300000| PB 0x0000000086300000| Untracked 
|  22|0x0000000086400000, 0x0000000086400000, 0x0000000086500000|  0%| F|  |TAMS 0x0000000086400000| PB 0x0000000086400000| Untracked 
|  23|0x0000000086500000, 0x0000000086500000, 0x0000000086600000|  0%| F|  |TAMS 0x0000000086500000| PB 0x0000000086500000| Untracked 
|  24|0x0000000086600000, 0x0000000086600000, 0x0000000086700000|  0%| F|  |TAMS 0x0000000086600000| PB 0x0000000086600000| Untracked 
|  25|0x0000000086700000, 0x0000000086700000, 0x0000000086800000|  0%| F|  |TAMS 0x0000000086700000| PB 0x0000000086700000| Untracked 
|  26|0x0000000086800000, 0x0000000086800000, 0x0000000086900000|  0%| F|  |TAMS 0x0000000086800000| PB 0x0000000086800000| Untracked 
|  27|0x0000000086900000, 0x0000000086900000, 0x0000000086a00000|  0%| F|  |TAMS 0x0000000086900000| PB 0x0000000086900000| Untracked 
|  28|0x0000000086a00000, 0x0000000086a00000, 0x0000000086b00000|  0%| F|  |TAMS 0x0000000086a00000| PB 0x0000000086a00000| Untracked 
|  29|0x0000000086b00000, 0x0000000086b00000, 0x0000000086c00000|  0%| F|  |TAMS 0x0000000086b00000| PB 0x0000000086b00000| Untracked 
|  30|0x0000000086c00000, 0x0000000086c00000, 0x0000000086d00000|  0%| F|  |TAMS 0x0000000086c00000| PB 0x0000000086c00000| Untracked 
|  31|0x0000000086d00000, 0x0000000086d00000, 0x0000000086e00000|  0%| F|  |TAMS 0x0000000086d00000| PB 0x0000000086d00000| Untracked 
|  32|0x0000000086e00000, 0x0000000086e00000, 0x0000000086f00000|  0%| F|  |TAMS 0x0000000086e00000| PB 0x0000000086e00000| Untracked 
|  33|0x0000000086f00000, 0x0000000086f00000, 0x0000000087000000|  0%| F|  |TAMS 0x0000000086f00000| PB 0x0000000086f00000| Untracked 
|  34|0x0000000087000000, 0x0000000087000000, 0x0000000087100000|  0%| F|  |TAMS 0x0000000087000000| PB 0x0000000087000000| Untracked 
|  35|0x0000000087100000, 0x0000000087100000, 0x0000000087200000|  0%| F|  |TAMS 0x0000000087100000| PB 0x0000000087100000| Untracked 
|  36|0x0000000087200000, 0x0000000087200000, 0x0000000087300000|  0%| F|  |TAMS 0x0000000087200000| PB 0x0000000087200000| Untracked 
|  37|0x0000000087300000, 0x0000000087300000, 0x0000000087400000|  0%| F|  |TAMS 0x0000000087300000| PB 0x0000000087300000| Untracked 
|  38|0x0000000087400000, 0x0000000087400000, 0x0000000087500000|  0%| F|  |TAMS 0x0000000087400000| PB 0x0000000087400000| Untracked 
|  39|0x0000000087500000, 0x0000000087500000, 0x0000000087600000|  0%| F|  |TAMS 0x0000000087500000| PB 0x0000000087500000| Untracked 
|  40|0x0000000087600000, 0x0000000087600000, 0x0000000087700000|  0%| F|  |TAMS 0x0000000087600000| PB 0x0000000087600000| Untracked 
|  41|0x0000000087700000, 0x0000000087700000, 0x0000000087800000|  0%| F|  |TAMS 0x0000000087700000| PB 0x0000000087700000| Untracked 
|  42|0x0000000087800000, 0x0000000087800000, 0x0000000087900000|  0%| F|  |TAMS 0x0000000087800000| PB 0x0000000087800000| Untracked 
|  43|0x0000000087900000, 0x0000000087900000, 0x0000000087a00000|  0%| F|  |TAMS 0x0000000087900000| PB 0x0000000087900000| Untracked 
|  44|0x0000000087a00000, 0x0000000087a00000, 0x0000000087b00000|  0%| F|  |TAMS 0x0000000087a00000| PB 0x0000000087a00000| Untracked 
|  45|0x0000000087b00000, 0x0000000087b00000, 0x0000000087c00000|  0%| F|  |TAMS 0x0000000087b00000| PB 0x0000000087b00000| Untracked 
|  46|0x0000000087c00000, 0x0000000087c00000, 0x0000000087d00000|  0%| F|  |TAMS 0x0000000087c00000| PB 0x0000000087c00000| Untracked 
|  47|0x0000000087d00000, 0x0000000087d00000, 0x0000000087e00000|  0%| F|  |TAMS 0x0000000087d00000| PB 0x0000000087d00000| Untracked 
|  48|0x0000000087e00000, 0x0000000087e00000, 0x0000000087f00000|  0%| F|  |TAMS 0x0000000087e00000| PB 0x0000000087e00000| Untracked 
|  49|0x0000000087f00000, 0x0000000087f00000, 0x0000000088000000|  0%| F|  |TAMS 0x0000000087f00000| PB 0x0000000087f00000| Untracked 
|  50|0x0000000088000000, 0x0000000088000000, 0x0000000088100000|  0%| F|  |TAMS 0x0000000088000000| PB 0x0000000088000000| Untracked 
|  51|0x0000000088100000, 0x0000000088100000, 0x0000000088200000|  0%| F|  |TAMS 0x0000000088100000| PB 0x0000000088100000| Untracked 
|  52|0x0000000088200000, 0x0000000088200000, 0x0000000088300000|  0%| F|  |TAMS 0x0000000088200000| PB 0x0000000088200000| Untracked 
|  53|0x0000000088300000, 0x0000000088300000, 0x0000000088400000|  0%| F|  |TAMS 0x0000000088300000| PB 0x0000000088300000| Untracked 
|  54|0x0000000088400000, 0x0000000088400000, 0x0000000088500000|  0%| F|  |TAMS 0x0000000088400000| PB 0x0000000088400000| Untracked 
|  55|0x0000000088500000, 0x0000000088500000, 0x0000000088600000|  0%| F|  |TAMS 0x0000000088500000| PB 0x0000000088500000| Untracked 
|  56|0x0000000088600000, 0x0000000088600000, 0x0000000088700000|  0%| F|  |TAMS 0x0000000088600000| PB 0x0000000088600000| Untracked 
|  57|0x0000000088700000, 0x0000000088700000, 0x0000000088800000|  0%| F|  |TAMS 0x0000000088700000| PB 0x0000000088700000| Untracked 
|  58|0x0000000088800000, 0x0000000088800000, 0x0000000088900000|  0%| F|  |TAMS 0x0000000088800000| PB 0x0000000088800000| Untracked 
|  59|0x0000000088900000, 0x0000000088900000, 0x0000000088a00000|  0%| F|  |TAMS 0x0000000088900000| PB 0x0000000088900000| Untracked 
|  60|0x0000000088a00000, 0x0000000088a00000, 0x0000000088b00000|  0%| F|  |TAMS 0x0000000088a00000| PB 0x0000000088a00000| Untracked 
|  61|0x0000000088b00000, 0x0000000088b00000, 0x0000000088c00000|  0%| F|  |TAMS 0x0000000088b00000| PB 0x0000000088b00000| Untracked 
|  62|0x0000000088c00000, 0x0000000088c00000, 0x0000000088d00000|  0%| F|  |TAMS 0x0000000088c00000| PB 0x0000000088c00000| Untracked 
|  63|0x0000000088d00000, 0x0000000088d00000, 0x0000000088e00000|  0%| F|  |TAMS 0x0000000088d00000| PB 0x0000000088d00000| Untracked 
|  64|0x0000000088e00000, 0x0000000088e00000, 0x0000000088f00000|  0%| F|  |TAMS 0x0000000088e00000| PB 0x0000000088e00000| Untracked 
|  65|0x0000000088f00000, 0x0000000088f00000, 0x0000000089000000|  0%| F|  |TAMS 0x0000000088f00000| PB 0x0000000088f00000| Untracked 
|  66|0x0000000089000000, 0x0000000089000000, 0x0000000089100000|  0%| F|  |TAMS 0x0000000089000000| PB 0x0000000089000000| Untracked 
|  67|0x0000000089100000, 0x0000000089100000, 0x0000000089200000|  0%| F|  |TAMS 0x0000000089100000| PB 0x0000000089100000| Untracked 
|  68|0x0000000089200000, 0x0000000089200000, 0x0000000089300000|  0%| F|  |TAMS 0x0000000089200000| PB 0x0000000089200000| Untracked 
|  69|0x0000000089300000, 0x0000000089300000, 0x0000000089400000|  0%| F|  |TAMS 0x0000000089300000| PB 0x0000000089300000| Untracked 
|  70|0x0000000089400000, 0x0000000089400000, 0x0000000089500000|  0%| F|  |TAMS 0x0000000089400000| PB 0x0000000089400000| Untracked 
|  71|0x0000000089500000, 0x0000000089500000, 0x0000000089600000|  0%| F|  |TAMS 0x0000000089500000| PB 0x0000000089500000| Untracked 
|  72|0x0000000089600000, 0x0000000089600000, 0x0000000089700000|  0%| F|  |TAMS 0x0000000089600000| PB 0x0000000089600000| Untracked 
|  73|0x0000000089700000, 0x0000000089700000, 0x0000000089800000|  0%| F|  |TAMS 0x0000000089700000| PB 0x0000000089700000| Untracked 
|  74|0x0000000089800000, 0x0000000089800000, 0x0000000089900000|  0%| F|  |TAMS 0x0000000089800000| PB 0x0000000089800000| Untracked 
|  75|0x0000000089900000, 0x0000000089900000, 0x0000000089a00000|  0%| F|  |TAMS 0x0000000089900000| PB 0x0000000089900000| Untracked 
|  76|0x0000000089a00000, 0x0000000089a00000, 0x0000000089b00000|  0%| F|  |TAMS 0x0000000089a00000| PB 0x0000000089a00000| Untracked 
|  77|0x0000000089b00000, 0x0000000089b00000, 0x0000000089c00000|  0%| F|  |TAMS 0x0000000089b00000| PB 0x0000000089b00000| Untracked 
|  78|0x0000000089c00000, 0x0000000089c00000, 0x0000000089d00000|  0%| F|  |TAMS 0x0000000089c00000| PB 0x0000000089c00000| Untracked 
|  79|0x0000000089d00000, 0x0000000089d00000, 0x0000000089e00000|  0%| F|  |TAMS 0x0000000089d00000| PB 0x0000000089d00000| Untracked 
|  80|0x0000000089e00000, 0x0000000089e00000, 0x0000000089f00000|  0%| F|  |TAMS 0x0000000089e00000| PB 0x0000000089e00000| Untracked 
|  81|0x0000000089f00000, 0x0000000089f00000, 0x000000008a000000|  0%| F|  |TAMS 0x0000000089f00000| PB 0x0000000089f00000| Untracked 
|  82|0x000000008a000000, 0x000000008a000000, 0x000000008a100000|  0%| F|  |TAMS 0x000000008a000000| PB 0x000000008a000000| Untracked 
|  83|0x000000008a100000, 0x000000008a100000, 0x000000008a200000|  0%| F|  |TAMS 0x000000008a100000| PB 0x000000008a100000| Untracked 
|  84|0x000000008a200000, 0x000000008a200000, 0x000000008a300000|  0%| F|  |TAMS 0x000000008a200000| PB 0x000000008a200000| Untracked 
|  85|0x000000008a300000, 0x000000008a300000, 0x000000008a400000|  0%| F|  |TAMS 0x000000008a300000| PB 0x000000008a300000| Untracked 
|  86|0x000000008a400000, 0x000000008a400000, 0x000000008a500000|  0%| F|  |TAMS 0x000000008a400000| PB 0x000000008a400000| Untracked 
|  87|0x000000008a500000, 0x000000008a500000, 0x000000008a600000|  0%| F|  |TAMS 0x000000008a500000| PB 0x000000008a500000| Untracked 
|  88|0x000000008a600000, 0x000000008a600000, 0x000000008a700000|  0%| F|  |TAMS 0x000000008a600000| PB 0x000000008a600000| Untracked 
|  89|0x000000008a700000, 0x000000008a700000, 0x000000008a800000|  0%| F|  |TAMS 0x000000008a700000| PB 0x000000008a700000| Untracked 
|  90|0x000000008a800000, 0x000000008a800000, 0x000000008a900000|  0%| F|  |TAMS 0x000000008a800000| PB 0x000000008a800000| Untracked 
|  91|0x000000008a900000, 0x000000008a900000, 0x000000008aa00000|  0%| F|  |TAMS 0x000000008a900000| PB 0x000000008a900000| Untracked 
|  92|0x000000008aa00000, 0x000000008aa00000, 0x000000008ab00000|  0%| F|  |TAMS 0x000000008aa00000| PB 0x000000008aa00000| Untracked 
|  93|0x000000008ab00000, 0x000000008ab00000, 0x000000008ac00000|  0%| F|  |TAMS 0x000000008ab00000| PB 0x000000008ab00000| Untracked 
|  94|0x000000008ac00000, 0x000000008ac00000, 0x000000008ad00000|  0%| F|  |TAMS 0x000000008ac00000| PB 0x000000008ac00000| Untracked 
|  95|0x000000008ad00000, 0x000000008ad00000, 0x000000008ae00000|  0%| F|  |TAMS 0x000000008ad00000| PB 0x000000008ad00000| Untracked 
|  96|0x000000008ae00000, 0x000000008ae00000, 0x000000008af00000|  0%| F|  |TAMS 0x000000008ae00000| PB 0x000000008ae00000| Untracked 
|  97|0x000000008af00000, 0x000000008af00000, 0x000000008b000000|  0%| F|  |TAMS 0x000000008af00000| PB 0x000000008af00000| Untracked 
|  98|0x000000008b000000, 0x000000008b000000, 0x000000008b100000|  0%| F|  |TAMS 0x000000008b000000| PB 0x000000008b000000| Untracked 
|  99|0x000000008b100000, 0x000000008b100000, 0x000000008b200000|  0%| F|  |TAMS 0x000000008b100000| PB 0x000000008b100000| Untracked 
| 100|0x000000008b200000, 0x000000008b200000, 0x000000008b300000|  0%| F|  |TAMS 0x000000008b200000| PB 0x000000008b200000| Untracked 
| 101|0x000000008b300000, 0x000000008b300000, 0x000000008b400000|  0%| F|  |TAMS 0x000000008b300000| PB 0x000000008b300000| Untracked 
| 102|0x000000008b400000, 0x000000008b400000, 0x000000008b500000|  0%| F|  |TAMS 0x000000008b400000| PB 0x000000008b400000| Untracked 
| 103|0x000000008b500000, 0x000000008b500000, 0x000000008b600000|  0%| F|  |TAMS 0x000000008b500000| PB 0x000000008b500000| Untracked 
| 104|0x000000008b600000, 0x000000008b600000, 0x000000008b700000|  0%| F|  |TAMS 0x000000008b600000| PB 0x000000008b600000| Untracked 
| 105|0x000000008b700000, 0x000000008b700000, 0x000000008b800000|  0%| F|  |TAMS 0x000000008b700000| PB 0x000000008b700000| Untracked 
| 106|0x000000008b800000, 0x000000008b800000, 0x000000008b900000|  0%| F|  |TAMS 0x000000008b800000| PB 0x000000008b800000| Untracked 
| 107|0x000000008b900000, 0x000000008b900000, 0x000000008ba00000|  0%| F|  |TAMS 0x000000008b900000| PB 0x000000008b900000| Untracked 
| 108|0x000000008ba00000, 0x000000008ba00000, 0x000000008bb00000|  0%| F|  |TAMS 0x000000008ba00000| PB 0x000000008ba00000| Untracked 
| 109|0x000000008bb00000, 0x000000008bb00000, 0x000000008bc00000|  0%| F|  |TAMS 0x000000008bb00000| PB 0x000000008bb00000| Untracked 
| 110|0x000000008bc00000, 0x000000008bc00000, 0x000000008bd00000|  0%| F|  |TAMS 0x000000008bc00000| PB 0x000000008bc00000| Untracked 
| 111|0x000000008bd00000, 0x000000008bd00000, 0x000000008be00000|  0%| F|  |TAMS 0x000000008bd00000| PB 0x000000008bd00000| Untracked 
| 112|0x000000008be00000, 0x000000008be00000, 0x000000008bf00000|  0%| F|  |TAMS 0x000000008be00000| PB 0x000000008be00000| Untracked 
| 113|0x000000008bf00000, 0x000000008bf00000, 0x000000008c000000|  0%| F|  |TAMS 0x000000008bf00000| PB 0x000000008bf00000| Untracked 
| 114|0x000000008c000000, 0x000000008c000000, 0x000000008c100000|  0%| F|  |TAMS 0x000000008c000000| PB 0x000000008c000000| Untracked 
| 115|0x000000008c100000, 0x000000008c100000, 0x000000008c200000|  0%| F|  |TAMS 0x000000008c100000| PB 0x000000008c100000| Untracked 
| 116|0x000000008c200000, 0x000000008c200000, 0x000000008c300000|  0%| F|  |TAMS 0x000000008c200000| PB 0x000000008c200000| Untracked 
| 117|0x000000008c300000, 0x000000008c300000, 0x000000008c400000|  0%| F|  |TAMS 0x000000008c300000| PB 0x000000008c300000| Untracked 
| 118|0x000000008c400000, 0x000000008c400000, 0x000000008c500000|  0%| F|  |TAMS 0x000000008c400000| PB 0x000000008c400000| Untracked 
| 119|0x000000008c500000, 0x000000008c500000, 0x000000008c600000|  0%| F|  |TAMS 0x000000008c500000| PB 0x000000008c500000| Untracked 
| 120|0x000000008c600000, 0x000000008c600000, 0x000000008c700000|  0%| F|  |TAMS 0x000000008c600000| PB 0x000000008c600000| Untracked 
| 121|0x000000008c700000, 0x000000008c700000, 0x000000008c800000|  0%| F|  |TAMS 0x000000008c700000| PB 0x000000008c700000| Untracked 
| 122|0x000000008c800000, 0x000000008c8ec128, 0x000000008c900000| 92%| E|  |TAMS 0x000000008c800000| PB 0x000000008c800000| Complete 
| 123|0x000000008c900000, 0x000000008ca00000, 0x000000008ca00000|100%| E|CS|TAMS 0x000000008c900000| PB 0x000000008c900000| Complete 

Card table byte_map: [0x000002122c790000,0x000002122cb70000] _byte_map_base: 0x000002122c369000

Marking Bits: (CMBitMap*) 0x0000021215003600
 Bits: [0x000002122cf50000, 0x000002122ee18000)

Polling page: 0x0000021212f60000

Metaspace:

Usage:
  Non-class:      4.19 MB used.
      Class:    383.52 KB used.
       Both:      4.56 MB used.

Virtual space:
  Non-class space:       64.00 MB reserved,       4.19 MB (  7%) committed,  1 nodes.
      Class space:        1.00 GB reserved,     384.00 KB ( <1%) committed,  1 nodes.
             Both:        1.06 GB reserved,       4.56 MB ( <1%) committed. 

Chunk freelists:
   Non-Class:  3.00 MB
       Class:  3.62 MB
        Both:  6.62 MB

MaxMetaspaceSize: unlimited
CompressedClassSpaceSize: 1.00 GB
Initial GC threshold: 21.00 MB
Current GC threshold: 21.00 MB
CDS: off
MetaspaceReclaimPolicy: balanced
 - commit_granule_bytes: 65536.
 - commit_granule_words: 8192.
 - virtual_space_node_default_size: 8388608.
 - enlarge_chunks_in_place: 1.
 - new_chunks_are_fully_committed: 0.
 - uncommit_free_chunks: 1.
 - use_allocation_guard: 0.


Internal statistics:

num_allocs_failed_limit: 0.
num_arena_births: 2.
num_arena_deaths: 0.
num_vsnodes_births: 2.
num_vsnodes_deaths: 0.
num_space_committed: 73.
num_space_uncommitted: 0.
num_chunks_returned_to_freelist: 0.
num_chunks_taken_from_freelist: 5.
num_chunk_merges: 0.
num_chunk_splits: 2.
num_chunks_enlarged: 0.
num_inconsistent_stats: 0.

CodeHeap 'non-profiled nmethods': size=120000Kb used=13Kb max_used=13Kb free=119986Kb
 bounds [0x0000021224b40000, 0x0000021224db0000, 0x000002122c070000]
CodeHeap 'profiled nmethods': size=120000Kb used=93Kb max_used=93Kb free=119906Kb
 bounds [0x000002121d070000, 0x000002121d2e0000, 0x00000212245a0000]
CodeHeap 'non-nmethods': size=5760Kb used=1246Kb max_used=1246Kb free=4513Kb
 bounds [0x00000212245a0000, 0x0000021224810000, 0x0000021224b40000]
 total_blobs=390 nmethods=74 adapters=227
 compilation: enabled
              stopped_count=0, restarted_count=0
 full_count=0

Compilation events (20 events):
Event: 0.187 Thread 0x0000021235c73340   65       3       java.util.ImmutableCollections$Set12$1::next (95 bytes)
Event: 0.187 Thread 0x0000021235c73340 nmethod 65 0x000002121d084790 code [0x000002121d084940, 0x000002121d084c30]
Event: 0.196 Thread 0x0000021235c73340   66       3       java.lang.AbstractStringBuilder::ensureCapacityInternal (39 bytes)
Event: 0.196 Thread 0x0000021235c73340 nmethod 66 0x000002121d084d90 code [0x000002121d084f40, 0x000002121d085168]
Event: 0.196 Thread 0x0000021235c73340   67       3       java.lang.StringLatin1::canEncode (13 bytes)
Event: 0.196 Thread 0x0000021235c73340 nmethod 67 0x000002121d085290 code [0x000002121d085420, 0x000002121d085570]
Event: 0.198 Thread 0x0000021235c73340   68       3       java.lang.String::isEmpty (14 bytes)
Event: 0.199 Thread 0x0000021235c73340 nmethod 68 0x000002121d085610 code [0x000002121d0857a0, 0x000002121d085918]
Event: 0.199 Thread 0x0000021235c73340   70       3       java.lang.AbstractStringBuilder::isLatin1 (19 bytes)
Event: 0.199 Thread 0x0000021235c73340 nmethod 70 0x000002121d085a10 code [0x000002121d085ba0, 0x000002121d085d20]
Event: 0.199 Thread 0x0000021235c73340   69       3       java.util.Optional::<init> (10 bytes)
Event: 0.199 Thread 0x0000021235c73340 nmethod 69 0x000002121d085d90 code [0x000002121d085f20, 0x000002121d0860d8]
Event: 0.208 Thread 0x0000021235c73340   71       3       java.lang.StringLatin1::indexOfChar (33 bytes)
Event: 0.208 Thread 0x0000021235c73340 nmethod 71 0x000002121d086190 code [0x000002121d086320, 0x000002121d086558]
Event: 0.213 Thread 0x0000021235c73340   72       3       java.lang.String::indexOf (29 bytes)
Event: 0.213 Thread 0x0000021235c73340 nmethod 72 0x000002121d086690 code [0x000002121d086840, 0x000002121d086ae0]
Event: 0.213 Thread 0x0000021235c73340   73       3       java.lang.StringLatin1::indexOf (36 bytes)
Event: 0.213 Thread 0x0000021235c73340 nmethod 73 0x000002121d086c10 code [0x000002121d086dc0, 0x000002121d087200]
Event: 0.213 Thread 0x0000021235c73340   74       3       java.lang.Math::min (11 bytes)
Event: 0.214 Thread 0x0000021235c73340 nmethod 74 0x000002121d087390 code [0x000002121d087520, 0x000002121d087660]

GC Heap History (0 events):
No events

Dll operation events (4 events):
Event: 0.010 Loaded shared library D:\Program\Java\jdk-20.0.2\bin\java.dll
Event: 0.080 Loaded shared library D:\Program\Java\jdk-20.0.2\bin\jsvml.dll
Event: 0.216 Loaded shared library D:\Program\Java\jdk-20.0.2\bin\net.dll
Event: 0.218 Loaded shared library D:\Program\Java\jdk-20.0.2\bin\nio.dll

Deoptimization events (0 events):
No events

Classes loaded (20 events):
Event: 0.221 Loading class jdk/internal/access/JavaIORandomAccessFileAccess
Event: 0.221 Loading class jdk/internal/access/JavaIORandomAccessFileAccess done
Event: 0.221 Loading class java/io/RandomAccessFile$2 done
Event: 0.221 Loading class java/io/FileCleanable
Event: 0.221 Loading class java/io/FileCleanable done
Event: 0.221 Loading class java/util/zip/ZipFile$Source$End
Event: 0.221 Loading class java/util/zip/ZipFile$Source$End done
Event: 0.221 Loading class java/util/zip/ZipUtils
Event: 0.221 Loading class java/util/zip/ZipUtils done
Event: 0.222 Loading class java/util/TreeSet
Event: 0.222 Loading class java/util/NavigableSet
Event: 0.222 Loading class java/util/SortedSet
Event: 0.222 Loading class java/util/SortedSet done
Event: 0.222 Loading class java/util/NavigableSet done
Event: 0.222 Loading class java/util/TreeSet done
Event: 0.222 Loading class java/util/TreeMap
Event: 0.223 Loading class java/util/NavigableMap
Event: 0.223 Loading class java/util/SortedMap
Event: 0.223 Loading class java/util/SortedMap done
Event: 0.223 Loading class java/util/NavigableMap done

Classes unloaded (0 events):
No events

Classes redefined (0 events):
No events

Internal exceptions (0 events):
No events

VM Operations (0 events):
No events

Events (11 events):
Event: 0.081 Thread 0x0000021214fa4dc0 Thread added: 0x0000021214fa4dc0
Event: 0.136 Thread 0x000002123189d800 Thread added: 0x000002123189d800
Event: 0.136 Thread 0x0000021235c1ff70 Thread added: 0x0000021235c1ff70
Event: 0.138 Thread 0x0000021235c71800 Thread added: 0x0000021235c71800
Event: 0.138 Thread 0x0000021235c58520 Thread added: 0x0000021235c58520
Event: 0.138 Thread 0x0000021235c58e60 Thread added: 0x0000021235c58e60
Event: 0.138 Thread 0x0000021235c5a0e0 Thread added: 0x0000021235c5a0e0
Event: 0.138 Thread 0x0000021235c72220 Thread added: 0x0000021235c72220
Event: 0.139 Thread 0x0000021235c73340 Thread added: 0x0000021235c73340
Event: 0.188 Thread 0x0000021235df6420 Thread added: 0x0000021235df6420
Event: 0.202 Thread 0x0000021235e13020 Thread added: 0x0000021235e13020


Dynamic libraries:
0x00007ff72fa30000 - 0x00007ff72fa40000 	D:\Program\Java\jdk-20.0.2\bin\java.exe
0x00007ffe49b10000 - 0x00007ffe49cfd000 	C:\Windows\SYSTEM32\ntdll.dll
0x00007ffe1a9f0000 - 0x00007ffe1aa09000 	C:\Program Files\Avast Software\Avast\aswhook.dll
0x00007ffe47980000 - 0x00007ffe47a33000 	C:\Windows\System32\KERNEL32.DLL
0x00007ffe45dc0000 - 0x00007ffe46055000 	C:\Windows\System32\KERNELBASE.dll
0x00007ffe46390000 - 0x00007ffe4648a000 	C:\Windows\System32\ucrtbase.dll
0x00007ffe41070000 - 0x00007ffe41089000 	D:\Program\Java\jdk-20.0.2\bin\jli.dll
0x00007ffe40fe0000 - 0x00007ffe40ffb000 	D:\Program\Java\jdk-20.0.2\bin\VCRUNTIME140.dll
0x00007ffe47cc0000 - 0x00007ffe47d63000 	C:\Windows\System32\ADVAPI32.dll
0x00007ffe49460000 - 0x00007ffe494fe000 	C:\Windows\System32\msvcrt.dll
0x00007ffe476f0000 - 0x00007ffe4778e000 	C:\Windows\System32\sechost.dll
0x00007ffe49330000 - 0x00007ffe49452000 	C:\Windows\System32\RPCRT4.dll
0x00007ffe46ff0000 - 0x00007ffe47187000 	C:\Windows\System32\USER32.dll
0x00007ffe462f0000 - 0x00007ffe46310000 	C:\Windows\System32\win32u.dll
0x00007ffe2fc10000 - 0x00007ffe2fe89000 	C:\Windows\WinSxS\amd64_microsoft.windows.common-controls_6595b64144ccf1df_6.0.17763.1192_none_de76b76053465515\COMCTL32.dll
0x00007ffe47b10000 - 0x00007ffe47b39000 	C:\Windows\System32\GDI32.dll
0x00007ffe47190000 - 0x00007ffe474bc000 	C:\Windows\System32\combase.dll
0x00007ffe45c20000 - 0x00007ffe45db9000 	C:\Windows\System32\gdi32full.dll
0x00007ffe46310000 - 0x00007ffe4638e000 	C:\Windows\System32\bcryptPrimitives.dll
0x00007ffe46c30000 - 0x00007ffe46cd0000 	C:\Windows\System32\msvcp_win.dll
0x00007ffe402e0000 - 0x00007ffe402ea000 	C:\Windows\SYSTEM32\VERSION.dll
0x00007ffe49270000 - 0x00007ffe4929e000 	C:\Windows\System32\IMM32.DLL
0x00007ffe43d30000 - 0x00007ffe43d3c000 	D:\Program\Java\jdk-20.0.2\bin\vcruntime140_1.dll
0x00007ffe3db30000 - 0x00007ffe3dbbe000 	D:\Program\Java\jdk-20.0.2\bin\msvcp140.dll
0x00007ffe167f0000 - 0x00007ffe17488000 	D:\Program\Java\jdk-20.0.2\bin\server\jvm.dll
0x00007ffe38660000 - 0x00007ffe38669000 	C:\Windows\SYSTEM32\WSOCK32.dll
0x00007ffe43a40000 - 0x00007ffe43a64000 	C:\Windows\SYSTEM32\WINMM.dll
0x00007ffe492a0000 - 0x00007ffe4930d000 	C:\Windows\System32\WS2_32.dll
0x00007ffe436b0000 - 0x00007ffe436dd000 	C:\Windows\SYSTEM32\winmmbase.dll
0x00007ffe45bd0000 - 0x00007ffe45c1a000 	C:\Windows\System32\cfgmgr32.dll
0x00007ffe45b90000 - 0x00007ffe45ba1000 	C:\Windows\System32\kernel.appcore.dll
0x00007ffe42690000 - 0x00007ffe4269a000 	D:\Program\Java\jdk-20.0.2\bin\jimage.dll
0x00007ffe3b750000 - 0x00007ffe3b93d000 	C:\Windows\SYSTEM32\DBGHELP.DLL
0x00007ffe3bad0000 - 0x00007ffe3bafa000 	C:\Windows\SYSTEM32\dbgcore.DLL
0x00007ffe40fb0000 - 0x00007ffe40fd6000 	D:\Program\Java\jdk-20.0.2\bin\java.dll
0x00007ffe3da50000 - 0x00007ffe3db27000 	D:\Program\Java\jdk-20.0.2\bin\jsvml.dll
0x00007ffe47d70000 - 0x00007ffe49264000 	C:\Windows\System32\SHELL32.dll
0x00007ffe47bb0000 - 0x00007ffe47c58000 	C:\Windows\System32\shcore.dll
0x00007ffe46490000 - 0x00007ffe46bdd000 	C:\Windows\System32\windows.storage.dll
0x00007ffe45b00000 - 0x00007ffe45b24000 	C:\Windows\System32\profapi.dll
0x00007ffe45b30000 - 0x00007ffe45b8d000 	C:\Windows\System32\powrprof.dll
0x00007ffe47b50000 - 0x00007ffe47ba2000 	C:\Windows\System32\shlwapi.dll
0x00007ffe46be0000 - 0x00007ffe46bf7000 	C:\Windows\System32\cryptsp.dll
0x00007ffe3da30000 - 0x00007ffe3da43000 	D:\Program\Java\jdk-20.0.2\bin\net.dll
0x00007ffe404c0000 - 0x00007ffe405b2000 	C:\Windows\SYSTEM32\WINHTTP.dll
0x00007ffe452c0000 - 0x00007ffe45327000 	C:\Windows\system32\mswsock.dll
0x00007ffe3da10000 - 0x00007ffe3da26000 	D:\Program\Java\jdk-20.0.2\bin\nio.dll

dbghelp: loaded successfully - version: 4.0.5 - missing functions: none
symbol engine: initialized successfully - sym options: 0x614 - pdb path: .;D:\Program\Java\jdk-20.0.2\bin;C:\Windows\SYSTEM32;C:\Program Files\Avast Software\Avast;C:\Windows\WinSxS\amd64_microsoft.windows.common-controls_6595b64144ccf1df_6.0.17763.1192_none_de76b76053465515;D:\Program\Java\jdk-20.0.2\bin\server

VM Arguments:
jvm_args: -Dnet.bytebuddy.agent.attacher.dump= 
java_command: net.bytebuddy.agent.Attacher com.sun.tools.attach.VirtualMachine 7944 C:\Users\trifa\.m2\repository\net\bytebuddy\byte-buddy-agent\1.14.6\byte-buddy-agent-1.14.6.jar false 
java_class_path (initial): C:\Users\trifa\.m2\repository\net\bytebuddy\byte-buddy-agent\1.14.6\byte-buddy-agent-1.14.6.jar
Launcher Type: SUN_STANDARD

[Global flags]
     intx CICompilerCount                          = 4                                         {product} {ergonomic}
     uint ConcGCThreads                            = 2                                         {product} {ergonomic}
     uint G1ConcRefinementThreads                  = 8                                         {product} {ergonomic}
   size_t G1HeapRegionSize                         = 1048576                                   {product} {ergonomic}
    uintx GCDrainStackTargetSize                   = 64                                        {product} {ergonomic}
   size_t InitialHeapSize                          = 130023424                                 {product} {ergonomic}
   size_t MarkStackSize                            = 4194304                                   {product} {ergonomic}
   size_t MaxHeapSize                              = 2065694720                                {product} {ergonomic}
   size_t MaxNewSize                               = 1239416832                                {product} {ergonomic}
   size_t MinHeapDeltaBytes                        = 1048576                                   {product} {ergonomic}
   size_t MinHeapSize                              = 8388608                                   {product} {ergonomic}
    uintx NonNMethodCodeHeapSize                   = 5839372                                {pd product} {ergonomic}
    uintx NonProfiledCodeHeapSize                  = 122909434                              {pd product} {ergonomic}
    uintx ProfiledCodeHeapSize                     = 122909434                              {pd product} {ergonomic}
    uintx ReservedCodeCacheSize                    = 251658240                              {pd product} {ergonomic}
     bool SegmentedCodeCache                       = true                                      {product} {ergonomic}
   size_t SoftMaxHeapSize                          = 2065694720                             {manageable} {ergonomic}
     bool UseCompressedClassPointers               = true                           {product lp64_product} {ergonomic}
     bool UseCompressedOops                        = true                           {product lp64_product} {ergonomic}
     bool UseG1GC                                  = true                                      {product} {ergonomic}
     bool UseLargePagesIndividualAllocation        = false                                  {pd product} {ergonomic}

Logging:
Log output configuration:
 #0: stdout all=warning uptime,level,tags foldmultilines=false
 #1: stderr all=off uptime,level,tags foldmultilines=false

Environment Variables:
JAVA_HOME=D:\Program\Java\jdk-20.0.2
PATH=D:\Program\anac;D:\Program\anac\Library\mingw-w64\bin;D:\Program\anac\Library\usr\bin;D:\Program\anac\Library\bin;D:\Program\anac\Scripts;C:\Windows\system32;C:\Windows;C:\Windows\System32\Wbem;C:\Windows\System32\WindowsPowerShell\v1.0\;C:\Program Files\Microsoft SQL Server\130\Tools\Binn\;D:\Program\Git\Git\cmd;C:\Program Files\Docker\Docker\resources\bin;D:\Program\Java\Maven\apache-maven-3.9.5\bin;C:\Users\trifa\AppData\Local\WindowsApps
USERNAME=trifa
OS=Windows_NT
PROCESSOR_IDENTIFIER=AMD64 Family 23 Model 24 Stepping 1, AuthenticAMD
TMP=C:\Users\trifa\AppData\Local\Temp
TEMP=C:\Users\trifa\AppData\Local\Temp




---------------  S Y S T E M  ---------------

OS:
 Windows 10 , 64 bit Build 17763 (10.0.17763.1158)
OS uptime: 0 days 3:44 hours
Hyper-V role detected

CPU: total 8 (initial active 8) (8 cores per cpu, 2 threads per core) family 23 model 24 stepping 1 microcode 0x0, cx8, cmov, fxsr, ht, mmx, 3dnowpref, sse, sse2, sse3, ssse3, sse4a, sse4.1, sse4.2, popcnt, lzcnt, tsc, tscinvbit, avx, avx2, aes, clmul, bmi1, bmi2, adx, sha, fma, vzeroupper, clflush, clflushopt, hv, rdtscp, f16c

Memory: 4k page, system-wide physical 7874M (294M free)
TotalPageFile size 12874M (AvailPageFile size 2M)
current process WorkingSet (physical memory assigned to process): 27M, peak: 27M
current process commit charge ("private bytes"): 197M, peak: 200M

vm_info: Java HotSpot(TM) 64-Bit Server VM (20.0.2+9-78) for windows-amd64 JRE (20.0.2+9-78), built on 2023-06-14T10:08:48Z by "mach5one" with MS VC++ 17.1 (VS2022)

END.
